<?xml version="1.0" encoding="UTF-8" standalone="yes"?>
<ns2:test-suite start="1588762685797" stop="1588762984728" version="1.5.2" xmlns:ns2="urn:model.allure.qatools.yandex.ru">
    <name>As a Amazon user I should be able to login and logout with valid credentials</name>
    <description type="text"></description>
    <test-cases>
        <test-case start="1588762685843" stop="1588762984726" status="broken">
            <name>Login into the application and search for flights</name>
            <title>Login into the application and search for flights</title>
            <description type="text"></description>
            <failure>
                <message>TimeoutException: Expected condition failed: waiting for visibility of Proxy element for: DefaultElementLocator 'By.xpath: //span[contains(@class,'textContainer') and text()='Continue with email']' (tried for 60 second(s) with 500 milliseconds interval)</message>
                <stack-trace>org.openqa.selenium.TimeoutException: Expected condition failed: waiting for visibility of Proxy element for: DefaultElementLocator 'By.xpath: //span[contains(@class,'textContainer') and text()='Continue with email']' (tried for 60 second(s) with 500 milliseconds interval)
	at org.openqa.selenium.support.ui.WebDriverWait.timeoutException(WebDriverWait.java:81)
	at org.openqa.selenium.support.ui.FluentWait.until(FluentWait.java:271)
	at com.cucumberFramework.pageObjects.LoginLogoutPage.waitForElement(LoginLogoutPage.java:205)
	at com.cucumberFramework.stepdefinitions.loginLogoutPageStepDefinitions.i_click_on_sign_in_button_and_wait_for_sign_in_page_for_tripadvisor(loginLogoutPageStepDefinitions.java:128)
	at âœ½.Then I click on sign in button and wait for sign in page for Tripadvisor(src/test/resources/features/login/login_logout.feature:42)
Caused by: org.openqa.selenium.NoSuchElementException: no such element: Unable to locate element: {"method":"xpath","selector":"//span[contains(@class,'textContainer') and text()='Continue with email']"}
  (Session info: chrome=81.0.4044.129)
  (Driver info: chromedriver=2.38.552522 (437e6fbedfa8762dec75e2c5b3ddb86763dc9dcb),platform=Windows NT 10.0.17763 x86_64) (WARNING: The server did not provide any stacktrace information)
Command duration or timeout: 0 milliseconds
For documentation on this error, please visit: http://seleniumhq.org/exceptions/no_such_element.html
Build info: version: '3.11.0', revision: 'e59cfb3', time: '2018-03-11T20:26:55.152Z'
System info: host: 'KARISHMAJ-MSL1', ip: '172.31.17.1', os.name: 'Windows 10', os.arch: 'amd64', os.version: '10.0', java.version: '1.8.0_251'
Driver info: org.openqa.selenium.chrome.ChromeDriver
Capabilities {acceptInsecureCerts: false, acceptSslCerts: false, applicationCacheEnabled: false, browserConnectionEnabled: false, browserName: chrome, chrome: {chromedriverVersion: 2.38.552522 (437e6fbedfa876..., userDataDir: C:\Users\KARISH~1\AppData\L...}, cssSelectorsEnabled: true, databaseEnabled: false, handlesAlerts: true, hasTouchScreen: false, javascriptEnabled: true, locationContextEnabled: true, mobileEmulationEnabled: false, nativeEvents: true, networkConnectionEnabled: false, pageLoadStrategy: normal, platform: XP, platformName: XP, rotatable: false, setWindowRect: true, takesHeapSnapshot: true, takesScreenshot: true, unexpectedAlertBehaviour: , unhandledPromptBehavior: , version: 81.0.4044.129, webStorageEnabled: true}
Session ID: 058f0f58d7f73a37276bd25e36ab2f6f
*** Element info: {Using=xpath, value=//span[contains(@class,'textContainer') and text()='Continue with email']}
	at sun.reflect.NativeConstructorAccessorImpl.newInstance0(Native Method)
	at sun.reflect.NativeConstructorAccessorImpl.newInstance(NativeConstructorAccessorImpl.java:62)
	at sun.reflect.DelegatingConstructorAccessorImpl.newInstance(DelegatingConstructorAccessorImpl.java:45)
	at java.lang.reflect.Constructor.newInstance(Constructor.java:423)
	at org.openqa.selenium.remote.ErrorHandler.createThrowable(ErrorHandler.java:214)
	at org.openqa.selenium.remote.ErrorHandler.throwIfResponseFailed(ErrorHandler.java:166)
	at org.openqa.selenium.remote.http.JsonHttpResponseCodec.reconstructValue(JsonHttpResponseCodec.java:40)
	at org.openqa.selenium.remote.http.AbstractHttpResponseCodec.decode(AbstractHttpResponseCodec.java:80)
	at org.openqa.selenium.remote.http.AbstractHttpResponseCodec.decode(AbstractHttpResponseCodec.java:44)
	at org.openqa.selenium.remote.HttpCommandExecutor.execute(HttpCommandExecutor.java:158)
	at org.openqa.selenium.remote.service.DriverCommandExecutor.execute(DriverCommandExecutor.java:83)
	at org.openqa.selenium.remote.RemoteWebDriver.execute(RemoteWebDriver.java:545)
	at org.openqa.selenium.remote.RemoteWebDriver.findElement(RemoteWebDriver.java:319)
	at org.openqa.selenium.remote.RemoteWebDriver.findElementByXPath(RemoteWebDriver.java:421)
	at org.openqa.selenium.By$ByXPath.findElement(By.java:361)
	at org.openqa.selenium.remote.RemoteWebDriver.findElement(RemoteWebDriver.java:311)
	at org.openqa.selenium.support.pagefactory.DefaultElementLocator.findElement(DefaultElementLocator.java:69)
	at org.openqa.selenium.support.pagefactory.internal.LocatingElementHandler.invoke(LocatingElementHandler.java:38)
	at com.sun.proxy.$Proxy19.isDisplayed(Unknown Source)
	at org.openqa.selenium.support.ui.ExpectedConditions.elementIfVisible(ExpectedConditions.java:315)
	at org.openqa.selenium.support.ui.ExpectedConditions.access$100(ExpectedConditions.java:44)
	at org.openqa.selenium.support.ui.ExpectedConditions$10.apply(ExpectedConditions.java:301)
	at org.openqa.selenium.support.ui.ExpectedConditions$10.apply(ExpectedConditions.java:298)
	at org.openqa.selenium.support.ui.FluentWait.until(FluentWait.java:248)
	at com.cucumberFramework.pageObjects.LoginLogoutPage.waitForElement(LoginLogoutPage.java:205)
	at com.cucumberFramework.stepdefinitions.loginLogoutPageStepDefinitions.i_click_on_sign_in_button_and_wait_for_sign_in_page_for_tripadvisor(loginLogoutPageStepDefinitions.java:128)
	at sun.reflect.NativeMethodAccessorImpl.invoke0(Native Method)
	at sun.reflect.NativeMethodAccessorImpl.invoke(NativeMethodAccessorImpl.java:62)
	at sun.reflect.DelegatingMethodAccessorImpl.invoke(DelegatingMethodAccessorImpl.java:43)
	at java.lang.reflect.Method.invoke(Method.java:498)
	at cucumber.runtime.Utils$1.call(Utils.java:40)
	at cucumber.runtime.Timeout.timeout(Timeout.java:16)
	at cucumber.runtime.Utils.invoke(Utils.java:34)
	at cucumber.runtime.java.JavaStepDefinition.execute(JavaStepDefinition.java:38)
	at cucumber.runtime.StepDefinitionMatch.runStep(StepDefinitionMatch.java:37)
	at cucumber.runtime.Runtime.runStep(Runtime.java:300)
	at cucumber.runtime.model.StepContainer.runStep(StepContainer.java:44)
	at cucumber.runtime.model.StepContainer.runSteps(StepContainer.java:39)
	at cucumber.runtime.model.CucumberScenario.run(CucumberScenario.java:44)
	at cucumber.runtime.model.CucumberFeature.run(CucumberFeature.java:165)
	at cucumber.api.testng.TestNGCucumberRunner.runCucumber(TestNGCucumberRunner.java:63)
	at com.cucumberFramework.testRunner.TestRunner.feature(TestRunner.java:27)
	at sun.reflect.NativeMethodAccessorImpl.invoke0(Native Method)
	at sun.reflect.NativeMethodAccessorImpl.invoke(NativeMethodAccessorImpl.java:62)
	at sun.reflect.DelegatingMethodAccessorImpl.invoke(DelegatingMethodAccessorImpl.java:43)
	at java.lang.reflect.Method.invoke(Method.java:498)
	at org.testng.internal.MethodInvocationHelper.invokeMethod(MethodInvocationHelper.java:86)
	at org.testng.internal.Invoker.invokeMethod(Invoker.java:643)
	at org.testng.internal.Invoker.invokeTestMethod(Invoker.java:820)
	at org.testng.internal.Invoker.invokeTestMethods(Invoker.java:1128)
	at org.testng.internal.TestMethodWorker.invokeTestMethods(TestMethodWorker.java:129)
	at org.testng.internal.TestMethodWorker.run(TestMethodWorker.java:112)
	at org.testng.TestRunner.privateRun(TestRunner.java:782)
	at org.testng.TestRunner.run(TestRunner.java:632)
	at org.testng.SuiteRunner.runTest(SuiteRunner.java:366)
	at org.testng.SuiteRunner.runSequentially(SuiteRunner.java:361)
	at org.testng.SuiteRunner.privateRun(SuiteRunner.java:319)
	at org.testng.SuiteRunner.run(SuiteRunner.java:268)
	at org.testng.SuiteRunnerWorker.runSuite(SuiteRunnerWorker.java:52)
	at org.testng.SuiteRunnerWorker.run(SuiteRunnerWorker.java:86)
	at org.testng.TestNG.runSuitesSequentially(TestNG.java:1244)
	at org.testng.TestNG.runSuitesLocally(TestNG.java:1169)
	at org.testng.TestNG.run(TestNG.java:1064)
	at org.apache.maven.surefire.testng.TestNGExecutor.run(TestNGExecutor.java:281)
	at org.apache.maven.surefire.testng.TestNGXmlTestSuite.execute(TestNGXmlTestSuite.java:75)
	at org.apache.maven.surefire.testng.TestNGProvider.invoke(TestNGProvider.java:121)
	at org.apache.maven.surefire.booter.ForkedBooter.invokeProviderInSameClassLoader(ForkedBooter.java:290)
	at org.apache.maven.surefire.booter.ForkedBooter.runSuitesInProcess(ForkedBooter.java:242)
	at org.apache.maven.surefire.booter.ForkedBooter.main(ForkedBooter.java:121)
</stack-trace>
            </failure>
            <steps>
                <step start="1588762705737" stop="1588762842619" status="passed">
                    <name>Given I am on the Login page URL "https://www.tripadvisor.in/"</name>
                    <title>Given I am on the Login page URL "https://www.tripadvisor.in/"</title>
                </step>
                <step start="1588762842619" stop="1588762980043" status="broken">
                    <name>Then I click on sign in button and wait for sign in page for Tripadvisor</name>
                    <title>Then I click on sign in button and wait for sign in page for Tripadvisor</title>
                </step>
                <step start="1588762980043" stop="1588762980045" status="canceled">
                    <name>Then I should see Sign In Page</name>
                    <title>Then I should see Sign In Page</title>
                </step>
                <step start="1588762980045" stop="1588762980045" status="canceled">
                    <name>When I click on Continue with email button</name>
                    <title>When I click on Continue with email button</title>
                </step>
                <step start="1588762980046" stop="1588762980046" status="canceled">
                    <name>And I enter username as "testkjfc1234@gmail.com"</name>
                    <title>And I enter username as "testkjfc1234@gmail.com"</title>
                </step>
                <step start="1588762980046" stop="1588762980046" status="canceled">
                    <name>And I enter password as "ABCDabcd"</name>
                    <title>And I enter password as "ABCDabcd"</title>
                </step>
                <step start="1588762980047" stop="1588762980047" status="canceled">
                    <name>And I click on Log in button of Tripadvisor</name>
                    <title>And I click on Log in button of Tripadvisor</title>
                </step>
                <step start="1588762980047" stop="1588762980047" status="canceled">
                    <name>Then I am logged in on Tripadvsior</name>
                    <title>Then I am logged in on Tripadvsior</title>
                </step>
                <step start="1588762980048" stop="1588762980048" status="canceled">
                    <name>Then I click on Flight link and verify to be on flight booking page</name>
                    <title>Then I click on Flight link and verify to be on flight booking page</title>
                </step>
                <step start="1588762980048" stop="1588762980048" status="canceled">
                    <name>Then I enter from destination as "Mumbai"</name>
                    <title>Then I enter from destination as "Mumbai"</title>
                </step>
                <step start="1588762980048" stop="1588762980048" status="canceled">
                    <name>And I enter to destination as "Delhi"</name>
                    <title>And I enter to destination as "Delhi"</title>
                </step>
            </steps>
            <attachments>
                <attachment title="attachment0" source="3d7dc87d-7c92-4909-855a-aabd135996b2-attachment.png" type="image/png"/>
            </attachments>
            <labels>
                <label name="story" value="Login into the application and search for flights"/>
                <label name="feature" value="As a Amazon user I should be able to login and logout with valid credentials"/>
                <label name="host" value="KarishmaJ-MSL1"/>
                <label name="thread" value="15036@KarishmaJ-MSL1.main(1)"/>
                <label name="framework" value="CucumberJVM"/>
            </labels>
        </test-case>
    </test-cases>
    <labels>
        <label name="feature" value="As a Amazon user I should be able to login and logout with valid credentials"/>
        <label name="language" value="JAVA"/>
    </labels>
</ns2:test-suite>
