<?xml version="1.0" encoding="UTF-8" standalone="yes"?>
<ns2:test-suite start="1588863015733" stop="1588863041037" version="1.5.2" xmlns:ns2="urn:model.allure.qatools.yandex.ru">
    <name>As a Amazon user I should be able to login and logout with valid credentials</name>
    <description type="text"></description>
    <test-cases>
        <test-case start="1588863015786" stop="1588863041034" status="broken">
            <name>Login into the application and search for flights</name>
            <title>Login into the application and search for flights</title>
            <description type="text"></description>
            <failure>
                <message>InvalidSelectorException: invalid selector: Unable to locate an element with the xpath expression //div[contains(@id,'rb-calendar_onward_cal')]/table/tbody/tr/td[contains(text(),Jun 2020)] because of the following error:
SyntaxError: Failed to execute 'evaluate' on 'Document': The string '//div[contains(@id,'rb-calendar_onward_cal')]/table/tbody/tr/td[contains(text(),Jun 2020)]' is not a valid XPath expression.
  (Session info: chrome=81.0.4044.129)
  (Driver info: chromedriver=2.38.552522 (437e6fbedfa8762dec75e2c5b3ddb86763dc9dcb),platform=Windows NT 10.0.17763 x86_64) (WARNING: The server did not provide any stacktrace information)
Command duration or timeout: 0 milliseconds
For documentation on this error, please visit: http://seleniumhq.org/exceptions/invalid_selector_exception.html
Build info: version: '3.11.0', revision: 'e59cfb3', time: '2018-03-11T20:26:55.152Z'
System info: host: 'KARISHMAJ-MSL1', ip: '192.168.43.12', os.name: 'Windows 10', os.arch: 'amd64', os.version: '10.0', java.version: '1.8.0_251'
Driver info: org.openqa.selenium.chrome.ChromeDriver
Capabilities {acceptInsecureCerts: false, acceptSslCerts: false, applicationCacheEnabled: false, browserConnectionEnabled: false, browserName: chrome, chrome: {chromedriverVersion: 2.38.552522 (437e6fbedfa876..., userDataDir: C:\Users\KARISH~1\AppData\L...}, cssSelectorsEnabled: true, databaseEnabled: false, handlesAlerts: true, hasTouchScreen: false, javascriptEnabled: true, locationContextEnabled: true, mobileEmulationEnabled: false, nativeEvents: true, networkConnectionEnabled: false, pageLoadStrategy: normal, platform: XP, platformName: XP, rotatable: false, setWindowRect: true, takesHeapSnapshot: true, takesScreenshot: true, unexpectedAlertBehaviour: , unhandledPromptBehavior: , version: 81.0.4044.129, webStorageEnabled: true}
Session ID: f7871fa5bd0a7e00bcf477db1acfe687
*** Element info: {Using=xpath, value=//div[contains(@id,'rb-calendar_onward_cal')]/table/tbody/tr/td[contains(text(),Jun 2020)]}</message>
                <stack-trace>org.openqa.selenium.InvalidSelectorException: invalid selector: Unable to locate an element with the xpath expression //div[contains(@id,'rb-calendar_onward_cal')]/table/tbody/tr/td[contains(text(),Jun 2020)] because of the following error:
SyntaxError: Failed to execute 'evaluate' on 'Document': The string '//div[contains(@id,'rb-calendar_onward_cal')]/table/tbody/tr/td[contains(text(),Jun 2020)]' is not a valid XPath expression.
  (Session info: chrome=81.0.4044.129)
  (Driver info: chromedriver=2.38.552522 (437e6fbedfa8762dec75e2c5b3ddb86763dc9dcb),platform=Windows NT 10.0.17763 x86_64) (WARNING: The server did not provide any stacktrace information)
Command duration or timeout: 0 milliseconds
For documentation on this error, please visit: http://seleniumhq.org/exceptions/invalid_selector_exception.html
Build info: version: '3.11.0', revision: 'e59cfb3', time: '2018-03-11T20:26:55.152Z'
System info: host: 'KARISHMAJ-MSL1', ip: '192.168.43.12', os.name: 'Windows 10', os.arch: 'amd64', os.version: '10.0', java.version: '1.8.0_251'
Driver info: org.openqa.selenium.chrome.ChromeDriver
Capabilities {acceptInsecureCerts: false, acceptSslCerts: false, applicationCacheEnabled: false, browserConnectionEnabled: false, browserName: chrome, chrome: {chromedriverVersion: 2.38.552522 (437e6fbedfa876..., userDataDir: C:\Users\KARISH~1\AppData\L...}, cssSelectorsEnabled: true, databaseEnabled: false, handlesAlerts: true, hasTouchScreen: false, javascriptEnabled: true, locationContextEnabled: true, mobileEmulationEnabled: false, nativeEvents: true, networkConnectionEnabled: false, pageLoadStrategy: normal, platform: XP, platformName: XP, rotatable: false, setWindowRect: true, takesHeapSnapshot: true, takesScreenshot: true, unexpectedAlertBehaviour: , unhandledPromptBehavior: , version: 81.0.4044.129, webStorageEnabled: true}
Session ID: f7871fa5bd0a7e00bcf477db1acfe687
*** Element info: {Using=xpath, value=//div[contains(@id,'rb-calendar_onward_cal')]/table/tbody/tr/td[contains(text(),Jun 2020)]}
	at sun.reflect.NativeConstructorAccessorImpl.newInstance0(Native Method)
	at sun.reflect.NativeConstructorAccessorImpl.newInstance(NativeConstructorAccessorImpl.java:62)
	at sun.reflect.DelegatingConstructorAccessorImpl.newInstance(DelegatingConstructorAccessorImpl.java:45)
	at java.lang.reflect.Constructor.newInstance(Constructor.java:423)
	at org.openqa.selenium.remote.ErrorHandler.createThrowable(ErrorHandler.java:214)
	at org.openqa.selenium.remote.ErrorHandler.throwIfResponseFailed(ErrorHandler.java:166)
	at org.openqa.selenium.remote.http.JsonHttpResponseCodec.reconstructValue(JsonHttpResponseCodec.java:40)
	at org.openqa.selenium.remote.http.AbstractHttpResponseCodec.decode(AbstractHttpResponseCodec.java:80)
	at org.openqa.selenium.remote.http.AbstractHttpResponseCodec.decode(AbstractHttpResponseCodec.java:44)
	at org.openqa.selenium.remote.HttpCommandExecutor.execute(HttpCommandExecutor.java:158)
	at org.openqa.selenium.remote.service.DriverCommandExecutor.execute(DriverCommandExecutor.java:83)
	at org.openqa.selenium.remote.RemoteWebDriver.execute(RemoteWebDriver.java:545)
	at org.openqa.selenium.remote.RemoteWebDriver.findElement(RemoteWebDriver.java:319)
	at org.openqa.selenium.remote.RemoteWebDriver.findElementByXPath(RemoteWebDriver.java:421)
	at org.openqa.selenium.By$ByXPath.findElement(By.java:361)
	at org.openqa.selenium.remote.RemoteWebDriver.findElement(RemoteWebDriver.java:311)
	at com.cucumberFramework.pageObjects.LoginLogoutPage.clickOnDate(LoginLogoutPage.java:280)
	at com.cucumberFramework.stepdefinitions.loginLogoutPageStepDefinitions.i_enter_something_travel_month_as_something_and_date_as_something(loginLogoutPageStepDefinitions.java:181)
	at âœ½.Then I enter "onward" travel Month as "Jun 2020" and date as "18"(src/test/resources/features/login/login_logout.feature:44)
</stack-trace>
            </failure>
            <steps>
                <step start="1588863022421" stop="1588863036907" status="passed">
                    <name>Given I am on the Login page URL "https://www.redbus.in"</name>
                    <title>Given I am on the Login page URL "https://www.redbus.in"</title>
                </step>
                <step start="1588863036907" stop="1588863037048" status="passed">
                    <name>Then I enter from destination as "Mumbai"</name>
                    <title>Then I enter from destination as "Mumbai"</title>
                </step>
                <step start="1588863037048" stop="1588863037184" status="passed">
                    <name>And I enter to destination as "Delhi"</name>
                    <title>And I enter to destination as "Delhi"</title>
                </step>
                <step start="1588863037185" stop="1588863037581" status="broken">
                    <name>Then I enter "onward" travel Month as "Jun 2020" and date as "18"</name>
                    <title>Then I enter "onward" travel Month as "Jun 2020" and date as "18"</title>
                </step>
                <step start="1588863037582" stop="1588863037584" status="canceled">
                    <name>Then I enter "Return" travel Month as "July 2020" and date as "28"</name>
                    <title>Then I enter "Return" travel Month as "July 2020" and date as "28"</title>
                </step>
            </steps>
            <attachments>
                <attachment title="attachment0" source="cb61c6ee-b6f3-4658-b15f-507fa57827b8-attachment.png" type="image/png"/>
            </attachments>
            <labels>
                <label name="story" value="Login into the application and search for flights"/>
                <label name="feature" value="As a Amazon user I should be able to login and logout with valid credentials"/>
                <label name="host" value="KarishmaJ-MSL1"/>
                <label name="thread" value="21232@KarishmaJ-MSL1.main(1)"/>
                <label name="framework" value="CucumberJVM"/>
            </labels>
        </test-case>
    </test-cases>
    <labels>
        <label name="feature" value="As a Amazon user I should be able to login and logout with valid credentials"/>
        <label name="language" value="JAVA"/>
    </labels>
</ns2:test-suite>
