<?xml version="1.0" encoding="UTF-8" standalone="yes"?>
<ns2:test-suite start="1588665617182" stop="1588665668352" version="1.5.2" xmlns:ns2="urn:model.allure.qatools.yandex.ru">
    <name>As a Amazon user I should be able to login and logout with valid credentials</name>
    <description type="text"></description>
    <test-cases>
        <test-case start="1588665617587" stop="1588665668349" status="broken">
            <name>Login into the application and search for flights</name>
            <title>Login into the application and search for flights</title>
            <description type="text"></description>
            <failure>
                <message>NoSuchElementException: no such element: Unable to locate element: {"method":"xpath","selector":"//div[contains(@class,'_1wVsKXvB')]//a[contains(@class,'pnI_yZEP')]"}
  (Session info: chrome=81.0.4044.129)
  (Driver info: chromedriver=2.38.552522 (437e6fbedfa8762dec75e2c5b3ddb86763dc9dcb),platform=Windows NT 10.0.17763 x86_64) (WARNING: The server did not provide any stacktrace information)
Command duration or timeout: 0 milliseconds
For documentation on this error, please visit: http://seleniumhq.org/exceptions/no_such_element.html
Build info: version: '3.11.0', revision: 'e59cfb3', time: '2018-03-11T20:26:55.152Z'
System info: host: 'KARISHMAJ-MSL1', ip: '172.31.16.37', os.name: 'Windows 10', os.arch: 'amd64', os.version: '10.0', java.version: '1.8.0_251'
Driver info: org.openqa.selenium.chrome.ChromeDriver
Capabilities {acceptInsecureCerts: false, acceptSslCerts: false, applicationCacheEnabled: false, browserConnectionEnabled: false, browserName: chrome, chrome: {chromedriverVersion: 2.38.552522 (437e6fbedfa876..., userDataDir: C:\Users\KARISH~1\AppData\L...}, cssSelectorsEnabled: true, databaseEnabled: false, handlesAlerts: true, hasTouchScreen: false, javascriptEnabled: true, locationContextEnabled: true, mobileEmulationEnabled: false, nativeEvents: true, networkConnectionEnabled: false, pageLoadStrategy: normal, platform: XP, platformName: XP, rotatable: false, setWindowRect: true, takesHeapSnapshot: true, takesScreenshot: true, unexpectedAlertBehaviour: , unhandledPromptBehavior: , version: 81.0.4044.129, webStorageEnabled: true}
Session ID: acbc9fa70b90d377abd033bbb64c7054
*** Element info: {Using=xpath, value=//div[contains(@class,'_1wVsKXvB')]//a[contains(@class,'pnI_yZEP')]}</message>
                <stack-trace>org.openqa.selenium.NoSuchElementException: no such element: Unable to locate element: {"method":"xpath","selector":"//div[contains(@class,'_1wVsKXvB')]//a[contains(@class,'pnI_yZEP')]"}
  (Session info: chrome=81.0.4044.129)
  (Driver info: chromedriver=2.38.552522 (437e6fbedfa8762dec75e2c5b3ddb86763dc9dcb),platform=Windows NT 10.0.17763 x86_64) (WARNING: The server did not provide any stacktrace information)
Command duration or timeout: 0 milliseconds
For documentation on this error, please visit: http://seleniumhq.org/exceptions/no_such_element.html
Build info: version: '3.11.0', revision: 'e59cfb3', time: '2018-03-11T20:26:55.152Z'
System info: host: 'KARISHMAJ-MSL1', ip: '172.31.16.37', os.name: 'Windows 10', os.arch: 'amd64', os.version: '10.0', java.version: '1.8.0_251'
Driver info: org.openqa.selenium.chrome.ChromeDriver
Capabilities {acceptInsecureCerts: false, acceptSslCerts: false, applicationCacheEnabled: false, browserConnectionEnabled: false, browserName: chrome, chrome: {chromedriverVersion: 2.38.552522 (437e6fbedfa876..., userDataDir: C:\Users\KARISH~1\AppData\L...}, cssSelectorsEnabled: true, databaseEnabled: false, handlesAlerts: true, hasTouchScreen: false, javascriptEnabled: true, locationContextEnabled: true, mobileEmulationEnabled: false, nativeEvents: true, networkConnectionEnabled: false, pageLoadStrategy: normal, platform: XP, platformName: XP, rotatable: false, setWindowRect: true, takesHeapSnapshot: true, takesScreenshot: true, unexpectedAlertBehaviour: , unhandledPromptBehavior: , version: 81.0.4044.129, webStorageEnabled: true}
Session ID: acbc9fa70b90d377abd033bbb64c7054
*** Element info: {Using=xpath, value=//div[contains(@class,'_1wVsKXvB')]//a[contains(@class,'pnI_yZEP')]}
	at sun.reflect.NativeConstructorAccessorImpl.newInstance0(Native Method)
	at sun.reflect.NativeConstructorAccessorImpl.newInstance(NativeConstructorAccessorImpl.java:62)
	at sun.reflect.DelegatingConstructorAccessorImpl.newInstance(DelegatingConstructorAccessorImpl.java:45)
	at java.lang.reflect.Constructor.newInstance(Constructor.java:423)
	at org.openqa.selenium.remote.ErrorHandler.createThrowable(ErrorHandler.java:214)
	at org.openqa.selenium.remote.ErrorHandler.throwIfResponseFailed(ErrorHandler.java:166)
	at org.openqa.selenium.remote.http.JsonHttpResponseCodec.reconstructValue(JsonHttpResponseCodec.java:40)
	at org.openqa.selenium.remote.http.AbstractHttpResponseCodec.decode(AbstractHttpResponseCodec.java:80)
	at org.openqa.selenium.remote.http.AbstractHttpResponseCodec.decode(AbstractHttpResponseCodec.java:44)
	at org.openqa.selenium.remote.HttpCommandExecutor.execute(HttpCommandExecutor.java:158)
	at org.openqa.selenium.remote.service.DriverCommandExecutor.execute(DriverCommandExecutor.java:83)
	at org.openqa.selenium.remote.RemoteWebDriver.execute(RemoteWebDriver.java:545)
	at org.openqa.selenium.remote.RemoteWebDriver.findElement(RemoteWebDriver.java:319)
	at org.openqa.selenium.remote.RemoteWebDriver.findElementByXPath(RemoteWebDriver.java:421)
	at org.openqa.selenium.By$ByXPath.findElement(By.java:361)
	at org.openqa.selenium.remote.RemoteWebDriver.findElement(RemoteWebDriver.java:311)
	at org.openqa.selenium.support.pagefactory.DefaultElementLocator.findElement(DefaultElementLocator.java:69)
	at org.openqa.selenium.support.pagefactory.internal.LocatingElementHandler.invoke(LocatingElementHandler.java:38)
	at com.sun.proxy.$Proxy19.getCoordinates(Unknown Source)
	at org.openqa.selenium.interactions.internal.MouseAction.getActionLocation(MouseAction.java:65)
	at org.openqa.selenium.interactions.MoveMouseAction.perform(MoveMouseAction.java:43)
	at org.openqa.selenium.interactions.CompositeAction.perform(CompositeAction.java:36)
	at org.openqa.selenium.interactions.Actions$BuiltAction.perform(Actions.java:641)
	at com.cucumberFramework.pageObjects.LoginLogoutPage.clickSignInButton(LoginLogoutPage.java:153)
	at com.cucumberFramework.stepdefinitions.loginLogoutPageStepDefinitions.i_click_on_sign_in_button_and_wait_for_sign_in_page_for_tripadvisor(loginLogoutPageStepDefinitions.java:119)
	at âœ½.Then I click on sign in button and wait for sign in page for Tripadvisor(src/test/resources/features/login/login_logout.feature:42)
</stack-trace>
            </failure>
            <steps>
                <step start="1588665637804" stop="1588665661124" status="passed">
                    <name>Given I am on the Login page URL "https://www.tripadvisor.in/"</name>
                    <title>Given I am on the Login page URL "https://www.tripadvisor.in/"</title>
                </step>
                <step start="1588665661125" stop="1588665662224" status="broken">
                    <name>Then I click on sign in button and wait for sign in page for Tripadvisor</name>
                    <title>Then I click on sign in button and wait for sign in page for Tripadvisor</title>
                </step>
                <step start="1588665662224" stop="1588665662226" status="canceled">
                    <name>Then I should see Sign In Page</name>
                    <title>Then I should see Sign In Page</title>
                </step>
                <step start="1588665662227" stop="1588665662227" status="canceled">
                    <name>When I click on Continue with email button</name>
                    <title>When I click on Continue with email button</title>
                </step>
                <step start="1588665662227" stop="1588665662227" status="canceled">
                    <name>And I enter username as "testkjfc1234@gmail.com"</name>
                    <title>And I enter username as "testkjfc1234@gmail.com"</title>
                </step>
                <step start="1588665662227" stop="1588665662227" status="canceled">
                    <name>And I enter password as "ABCDabcd"</name>
                    <title>And I enter password as "ABCDabcd"</title>
                </step>
                <step start="1588665662227" stop="1588665662227" status="canceled">
                    <name>And I click on Log in button of Tripadvisor</name>
                    <title>And I click on Log in button of Tripadvisor</title>
                </step>
                <step start="1588665662228" stop="1588665662228" status="canceled">
                    <name>Then I am logged in on Tripadvsior</name>
                    <title>Then I am logged in on Tripadvsior</title>
                </step>
                <step start="1588665662228" stop="1588665662228" status="canceled">
                    <name>Then I click on Flight link and verify to be on flight booking page</name>
                    <title>Then I click on Flight link and verify to be on flight booking page</title>
                </step>
                <step start="1588665662229" stop="1588665662229" status="canceled">
                    <name>Then I enter from destination as "Mumbai"</name>
                    <title>Then I enter from destination as "Mumbai"</title>
                </step>
                <step start="1588665662230" stop="1588665662230" status="canceled">
                    <name>And I enter to destination as "Delhi"</name>
                    <title>And I enter to destination as "Delhi"</title>
                </step>
            </steps>
            <attachments>
                <attachment title="attachment0" source="4ba85606-08da-483b-802d-1fb5beac7d69-attachment.png" type="image/png"/>
            </attachments>
            <labels>
                <label name="story" value="Login into the application and search for flights"/>
                <label name="feature" value="As a Amazon user I should be able to login and logout with valid credentials"/>
                <label name="host" value="KarishmaJ-MSL1"/>
                <label name="thread" value="8432@KarishmaJ-MSL1.main(1)"/>
                <label name="framework" value="CucumberJVM"/>
            </labels>
        </test-case>
    </test-cases>
    <labels>
        <label name="feature" value="As a Amazon user I should be able to login and logout with valid credentials"/>
        <label name="language" value="JAVA"/>
    </labels>
</ns2:test-suite>
