<?xml version="1.0" encoding="UTF-8" standalone="yes"?>
<ns2:test-suite start="1588924841733" stop="1588924946054" version="1.5.2" xmlns:ns2="urn:model.allure.qatools.yandex.ru">
    <name>As a Amazon user I should be able to login and logout with valid credentials</name>
    <description type="text"></description>
    <test-cases>
        <test-case start="1588924842424" stop="1588924946050" status="broken">
            <name>Login into the application and search for flights</name>
            <title>Login into the application and search for flights</title>
            <description type="text"></description>
            <failure>
                <message>NoSuchElementException: no such element: Unable to locate element: {"method":"xpath","selector":"//div[contains(@class,'search-box')]/div/input[contains(@id,'src')]"}
  (Session info: chrome=81.0.4044.129)
  (Driver info: chromedriver=2.38.552522 (437e6fbedfa8762dec75e2c5b3ddb86763dc9dcb),platform=Windows NT 10.0.17763 x86_64) (WARNING: The server did not provide any stacktrace information)
Command duration or timeout: 0 milliseconds
For documentation on this error, please visit: http://seleniumhq.org/exceptions/no_such_element.html
Build info: version: '3.11.0', revision: 'e59cfb3', time: '2018-03-11T20:26:55.152Z'
System info: host: 'KARISHMAJ-MSL1', ip: '172.31.18.252', os.name: 'Windows 10', os.arch: 'amd64', os.version: '10.0', java.version: '1.8.0_251'
Driver info: org.openqa.selenium.chrome.ChromeDriver
Capabilities {acceptInsecureCerts: false, acceptSslCerts: false, applicationCacheEnabled: false, browserConnectionEnabled: false, browserName: chrome, chrome: {chromedriverVersion: 2.38.552522 (437e6fbedfa876..., userDataDir: C:\Users\KARISH~1\AppData\L...}, cssSelectorsEnabled: true, databaseEnabled: false, handlesAlerts: true, hasTouchScreen: false, javascriptEnabled: true, locationContextEnabled: true, mobileEmulationEnabled: false, nativeEvents: true, networkConnectionEnabled: false, pageLoadStrategy: normal, platform: XP, platformName: XP, rotatable: false, setWindowRect: true, takesHeapSnapshot: true, takesScreenshot: true, unexpectedAlertBehaviour: , unhandledPromptBehavior: , version: 81.0.4044.129, webStorageEnabled: true}
Session ID: fd421100c166a28de9db571db0adb07a
*** Element info: {Using=xpath, value=//div[contains(@class,'search-box')]/div/input[contains(@id,'src')]}</message>
                <stack-trace>org.openqa.selenium.NoSuchElementException: no such element: Unable to locate element: {"method":"xpath","selector":"//div[contains(@class,'search-box')]/div/input[contains(@id,'src')]"}
  (Session info: chrome=81.0.4044.129)
  (Driver info: chromedriver=2.38.552522 (437e6fbedfa8762dec75e2c5b3ddb86763dc9dcb),platform=Windows NT 10.0.17763 x86_64) (WARNING: The server did not provide any stacktrace information)
Command duration or timeout: 0 milliseconds
For documentation on this error, please visit: http://seleniumhq.org/exceptions/no_such_element.html
Build info: version: '3.11.0', revision: 'e59cfb3', time: '2018-03-11T20:26:55.152Z'
System info: host: 'KARISHMAJ-MSL1', ip: '172.31.18.252', os.name: 'Windows 10', os.arch: 'amd64', os.version: '10.0', java.version: '1.8.0_251'
Driver info: org.openqa.selenium.chrome.ChromeDriver
Capabilities {acceptInsecureCerts: false, acceptSslCerts: false, applicationCacheEnabled: false, browserConnectionEnabled: false, browserName: chrome, chrome: {chromedriverVersion: 2.38.552522 (437e6fbedfa876..., userDataDir: C:\Users\KARISH~1\AppData\L...}, cssSelectorsEnabled: true, databaseEnabled: false, handlesAlerts: true, hasTouchScreen: false, javascriptEnabled: true, locationContextEnabled: true, mobileEmulationEnabled: false, nativeEvents: true, networkConnectionEnabled: false, pageLoadStrategy: normal, platform: XP, platformName: XP, rotatable: false, setWindowRect: true, takesHeapSnapshot: true, takesScreenshot: true, unexpectedAlertBehaviour: , unhandledPromptBehavior: , version: 81.0.4044.129, webStorageEnabled: true}
Session ID: fd421100c166a28de9db571db0adb07a
*** Element info: {Using=xpath, value=//div[contains(@class,'search-box')]/div/input[contains(@id,'src')]}
	at sun.reflect.NativeConstructorAccessorImpl.newInstance0(Native Method)
	at sun.reflect.NativeConstructorAccessorImpl.newInstance(NativeConstructorAccessorImpl.java:62)
	at sun.reflect.DelegatingConstructorAccessorImpl.newInstance(DelegatingConstructorAccessorImpl.java:45)
	at java.lang.reflect.Constructor.newInstance(Constructor.java:423)
	at org.openqa.selenium.remote.ErrorHandler.createThrowable(ErrorHandler.java:214)
	at org.openqa.selenium.remote.ErrorHandler.throwIfResponseFailed(ErrorHandler.java:166)
	at org.openqa.selenium.remote.http.JsonHttpResponseCodec.reconstructValue(JsonHttpResponseCodec.java:40)
	at org.openqa.selenium.remote.http.AbstractHttpResponseCodec.decode(AbstractHttpResponseCodec.java:80)
	at org.openqa.selenium.remote.http.AbstractHttpResponseCodec.decode(AbstractHttpResponseCodec.java:44)
	at org.openqa.selenium.remote.HttpCommandExecutor.execute(HttpCommandExecutor.java:158)
	at org.openqa.selenium.remote.service.DriverCommandExecutor.execute(DriverCommandExecutor.java:83)
	at org.openqa.selenium.remote.RemoteWebDriver.execute(RemoteWebDriver.java:545)
	at org.openqa.selenium.remote.RemoteWebDriver.findElement(RemoteWebDriver.java:319)
	at org.openqa.selenium.remote.RemoteWebDriver.findElementByXPath(RemoteWebDriver.java:421)
	at org.openqa.selenium.By$ByXPath.findElement(By.java:361)
	at org.openqa.selenium.remote.RemoteWebDriver.findElement(RemoteWebDriver.java:311)
	at org.openqa.selenium.support.pagefactory.DefaultElementLocator.findElement(DefaultElementLocator.java:69)
	at org.openqa.selenium.support.pagefactory.internal.LocatingElementHandler.invoke(LocatingElementHandler.java:38)
	at com.sun.proxy.$Proxy19.sendKeys(Unknown Source)
	at com.cucumberFramework.pageObjects.LoginLogoutPage.enterFromDestination(LoginLogoutPage.java:221)
	at com.cucumberFramework.stepdefinitions.loginLogoutPageStepDefinitions.i_enter_from_destination_as_something(loginLogoutPageStepDefinitions.java:127)
	at âœ½.Then I enter from destination as "Mumbai"(src/test/resources/features/login/login_logout.feature:42)
</stack-trace>
            </failure>
            <steps>
                <step start="1588924865751" stop="1588924872966" status="passed">
                    <name>Given I am on the Login page URL "https://www.redbus.in"</name>
                    <title>Given I am on the Login page URL "https://www.redbus.in"</title>
                </step>
                <step start="1588924872966" stop="1588924943146" status="broken">
                    <name>Then I enter from destination as "Mumbai"</name>
                    <title>Then I enter from destination as "Mumbai"</title>
                </step>
                <step start="1588924943146" stop="1588924943148" status="canceled">
                    <name>And I enter to destination as "Delhi"</name>
                    <title>And I enter to destination as "Delhi"</title>
                </step>
                <step start="1588924943149" stop="1588924943149" status="canceled">
                    <name>Then I enter "onward" travel Month as "Jun 2020" and date as "18"</name>
                    <title>Then I enter "onward" travel Month as "Jun 2020" and date as "18"</title>
                </step>
                <step start="1588924943151" stop="1588924943151" status="canceled">
                    <name>Then I enter "Return" travel Month for return as "July 2020" and date as "28"</name>
                    <title>Then I enter "Return" travel Month for return as "July 2020" and date as "28"</title>
                </step>
                <step start="1588924943152" stop="1588924943152" status="canceled">
                    <name>And I click on Search Buses button</name>
                    <title>And I click on Search Buses button</title>
                </step>
            </steps>
            <attachments>
                <attachment title="attachment0" source="7012017d-06a6-4ded-a479-39b6855a4106-attachment.png" type="image/png"/>
            </attachments>
            <labels>
                <label name="story" value="Login into the application and search for flights"/>
                <label name="feature" value="As a Amazon user I should be able to login and logout with valid credentials"/>
                <label name="host" value="KarishmaJ-MSL1"/>
                <label name="thread" value="20856@KarishmaJ-MSL1.main(1)"/>
                <label name="framework" value="CucumberJVM"/>
            </labels>
        </test-case>
    </test-cases>
    <labels>
        <label name="feature" value="As a Amazon user I should be able to login and logout with valid credentials"/>
        <label name="language" value="JAVA"/>
    </labels>
</ns2:test-suite>
