<?xml version="1.0" encoding="UTF-8" standalone="yes"?>
<ns2:test-suite start="1588862610197" stop="1588862644299" version="1.5.2" xmlns:ns2="urn:model.allure.qatools.yandex.ru">
    <name>As a Amazon user I should be able to login and logout with valid credentials</name>
    <description type="text"></description>
    <test-cases>
        <test-case start="1588862610236" stop="1588862644297" status="broken">
            <name>Login into the application and search for flights</name>
            <title>Login into the application and search for flights</title>
            <description type="text"></description>
            <failure>
                <message>ElementNotVisibleException: element not visible
  (Session info: chrome=81.0.4044.129)
  (Driver info: chromedriver=2.38.552522 (437e6fbedfa8762dec75e2c5b3ddb86763dc9dcb),platform=Windows NT 10.0.17763 x86_64) (WARNING: The server did not provide any stacktrace information)
Command duration or timeout: 0 milliseconds
Build info: version: '3.11.0', revision: 'e59cfb3', time: '2018-03-11T20:26:55.152Z'
System info: host: 'KARISHMAJ-MSL1', ip: '192.168.43.12', os.name: 'Windows 10', os.arch: 'amd64', os.version: '10.0', java.version: '1.8.0_251'
Driver info: org.openqa.selenium.chrome.ChromeDriver
Capabilities {acceptInsecureCerts: false, acceptSslCerts: false, applicationCacheEnabled: false, browserConnectionEnabled: false, browserName: chrome, chrome: {chromedriverVersion: 2.38.552522 (437e6fbedfa876..., userDataDir: C:\Users\KARISH~1\AppData\L...}, cssSelectorsEnabled: true, databaseEnabled: false, handlesAlerts: true, hasTouchScreen: false, javascriptEnabled: true, locationContextEnabled: true, mobileEmulationEnabled: false, nativeEvents: true, networkConnectionEnabled: false, pageLoadStrategy: normal, platform: XP, platformName: XP, rotatable: false, setWindowRect: true, takesHeapSnapshot: true, takesScreenshot: true, unexpectedAlertBehaviour: , unhandledPromptBehavior: , version: 81.0.4044.129, webStorageEnabled: true}
Session ID: bf7841de2006e14fc1d8e2e043930391</message>
                <stack-trace>org.openqa.selenium.ElementNotVisibleException: element not visible
  (Session info: chrome=81.0.4044.129)
  (Driver info: chromedriver=2.38.552522 (437e6fbedfa8762dec75e2c5b3ddb86763dc9dcb),platform=Windows NT 10.0.17763 x86_64) (WARNING: The server did not provide any stacktrace information)
Command duration or timeout: 0 milliseconds
Build info: version: '3.11.0', revision: 'e59cfb3', time: '2018-03-11T20:26:55.152Z'
System info: host: 'KARISHMAJ-MSL1', ip: '192.168.43.12', os.name: 'Windows 10', os.arch: 'amd64', os.version: '10.0', java.version: '1.8.0_251'
Driver info: org.openqa.selenium.chrome.ChromeDriver
Capabilities {acceptInsecureCerts: false, acceptSslCerts: false, applicationCacheEnabled: false, browserConnectionEnabled: false, browserName: chrome, chrome: {chromedriverVersion: 2.38.552522 (437e6fbedfa876..., userDataDir: C:\Users\KARISH~1\AppData\L...}, cssSelectorsEnabled: true, databaseEnabled: false, handlesAlerts: true, hasTouchScreen: false, javascriptEnabled: true, locationContextEnabled: true, mobileEmulationEnabled: false, nativeEvents: true, networkConnectionEnabled: false, pageLoadStrategy: normal, platform: XP, platformName: XP, rotatable: false, setWindowRect: true, takesHeapSnapshot: true, takesScreenshot: true, unexpectedAlertBehaviour: , unhandledPromptBehavior: , version: 81.0.4044.129, webStorageEnabled: true}
Session ID: bf7841de2006e14fc1d8e2e043930391
	at sun.reflect.NativeConstructorAccessorImpl.newInstance0(Native Method)
	at sun.reflect.NativeConstructorAccessorImpl.newInstance(NativeConstructorAccessorImpl.java:62)
	at sun.reflect.DelegatingConstructorAccessorImpl.newInstance(DelegatingConstructorAccessorImpl.java:45)
	at java.lang.reflect.Constructor.newInstance(Constructor.java:423)
	at org.openqa.selenium.remote.ErrorHandler.createThrowable(ErrorHandler.java:214)
	at org.openqa.selenium.remote.ErrorHandler.throwIfResponseFailed(ErrorHandler.java:166)
	at org.openqa.selenium.remote.http.JsonHttpResponseCodec.reconstructValue(JsonHttpResponseCodec.java:40)
	at org.openqa.selenium.remote.http.AbstractHttpResponseCodec.decode(AbstractHttpResponseCodec.java:80)
	at org.openqa.selenium.remote.http.AbstractHttpResponseCodec.decode(AbstractHttpResponseCodec.java:44)
	at org.openqa.selenium.remote.HttpCommandExecutor.execute(HttpCommandExecutor.java:158)
	at org.openqa.selenium.remote.service.DriverCommandExecutor.execute(DriverCommandExecutor.java:83)
	at org.openqa.selenium.remote.RemoteWebDriver.execute(RemoteWebDriver.java:545)
	at org.openqa.selenium.remote.RemoteWebElement.execute(RemoteWebElement.java:279)
	at org.openqa.selenium.remote.RemoteWebElement.click(RemoteWebElement.java:83)
	at sun.reflect.NativeMethodAccessorImpl.invoke0(Native Method)
	at sun.reflect.NativeMethodAccessorImpl.invoke(NativeMethodAccessorImpl.java:62)
	at sun.reflect.DelegatingMethodAccessorImpl.invoke(DelegatingMethodAccessorImpl.java:43)
	at java.lang.reflect.Method.invoke(Method.java:498)
	at org.openqa.selenium.support.pagefactory.internal.LocatingElementHandler.invoke(LocatingElementHandler.java:51)
	at com.sun.proxy.$Proxy19.click(Unknown Source)
	at com.cucumberFramework.pageObjects.LoginLogoutPage.checkMonthYear(LoginLogoutPage.java:272)
	at com.cucumberFramework.stepdefinitions.loginLogoutPageStepDefinitions.i_enter_something_travel_month_as_something_and_date_as_something(loginLogoutPageStepDefinitions.java:180)
	at âœ½.Then I enter "onward" travel Month as "Jun 2020" and date as "18"(src/test/resources/features/login/login_logout.feature:44)
</stack-trace>
            </failure>
            <steps>
                <step start="1588862623605" stop="1588862639008" status="passed">
                    <name>Given I am on the Login page URL "https://www.redbus.in"</name>
                    <title>Given I am on the Login page URL "https://www.redbus.in"</title>
                </step>
                <step start="1588862639008" stop="1588862639226" status="passed">
                    <name>Then I enter from destination as "Mumbai"</name>
                    <title>Then I enter from destination as "Mumbai"</title>
                </step>
                <step start="1588862639227" stop="1588862639545" status="passed">
                    <name>And I enter to destination as "Delhi"</name>
                    <title>And I enter to destination as "Delhi"</title>
                </step>
                <step start="1588862639546" stop="1588862640430" status="broken">
                    <name>Then I enter "onward" travel Month as "Jun 2020" and date as "18"</name>
                    <title>Then I enter "onward" travel Month as "Jun 2020" and date as "18"</title>
                </step>
                <step start="1588862640430" stop="1588862640432" status="canceled">
                    <name>Then I enter "Return" travel Month as "July 2020" and date as "28"</name>
                    <title>Then I enter "Return" travel Month as "July 2020" and date as "28"</title>
                </step>
            </steps>
            <attachments>
                <attachment title="attachment0" source="0eaebdec-d8b4-4394-8a88-90af9bdbd141-attachment.png" type="image/png"/>
            </attachments>
            <labels>
                <label name="story" value="Login into the application and search for flights"/>
                <label name="feature" value="As a Amazon user I should be able to login and logout with valid credentials"/>
                <label name="host" value="KarishmaJ-MSL1"/>
                <label name="thread" value="12256@KarishmaJ-MSL1.main(1)"/>
                <label name="framework" value="CucumberJVM"/>
            </labels>
        </test-case>
    </test-cases>
    <labels>
        <label name="feature" value="As a Amazon user I should be able to login and logout with valid credentials"/>
        <label name="language" value="JAVA"/>
    </labels>
</ns2:test-suite>
