<?xml version="1.0" encoding="UTF-8" standalone="yes"?>
<ns2:test-suite start="1590063632800" stop="1590063664241" version="1.5.2" xmlns:ns2="urn:model.allure.qatools.yandex.ru">
    <name>As a Amazon user I should be able to login and logout with valid credentials</name>
    <description type="text"></description>
    <test-cases>
        <test-case start="1590063633057" stop="1590063664239" status="broken">
            <name>Login into the application and search for buses</name>
            <title>Login into the application and search for buses</title>
            <description type="text"></description>
            <failure>
                <message>CucumberException: Failed to instantiate class com.cucumberFramework.stepdefinitions.loginLogoutPageStepDefinitions</message>
                <stack-trace>cucumber.runtime.CucumberException: Failed to instantiate class com.cucumberFramework.stepdefinitions.loginLogoutPageStepDefinitions
	at cucumber.runtime.java.DefaultJavaObjectFactory.cacheNewInstance(DefaultJavaObjectFactory.java:47)
	at cucumber.runtime.java.DefaultJavaObjectFactory.getInstance(DefaultJavaObjectFactory.java:33)
	at cucumber.runtime.java.JavaStepDefinition.execute(JavaStepDefinition.java:38)
	at cucumber.runtime.StepDefinitionMatch.runStep(StepDefinitionMatch.java:37)
	at cucumber.runtime.Runtime.runStep(Runtime.java:300)
	at cucumber.runtime.model.StepContainer.runStep(StepContainer.java:44)
	at cucumber.runtime.model.StepContainer.runSteps(StepContainer.java:39)
	at cucumber.runtime.model.CucumberScenario.run(CucumberScenario.java:44)
	at cucumber.runtime.model.CucumberFeature.run(CucumberFeature.java:165)
	at cucumber.api.testng.TestNGCucumberRunner.runCucumber(TestNGCucumberRunner.java:63)
	at com.cucumberFramework.testRunner.TestRunner.feature(TestRunner.java:26)
	at sun.reflect.NativeMethodAccessorImpl.invoke0(Native Method)
	at sun.reflect.NativeMethodAccessorImpl.invoke(NativeMethodAccessorImpl.java:62)
	at sun.reflect.DelegatingMethodAccessorImpl.invoke(DelegatingMethodAccessorImpl.java:43)
	at java.lang.reflect.Method.invoke(Method.java:498)
	at org.testng.internal.MethodInvocationHelper.invokeMethod(MethodInvocationHelper.java:86)
	at org.testng.internal.Invoker.invokeMethod(Invoker.java:643)
	at org.testng.internal.Invoker.invokeTestMethod(Invoker.java:820)
	at org.testng.internal.Invoker.invokeTestMethods(Invoker.java:1128)
	at org.testng.internal.TestMethodWorker.invokeTestMethods(TestMethodWorker.java:129)
	at org.testng.internal.TestMethodWorker.run(TestMethodWorker.java:112)
	at org.testng.TestRunner.privateRun(TestRunner.java:782)
	at org.testng.TestRunner.run(TestRunner.java:632)
	at org.testng.SuiteRunner.runTest(SuiteRunner.java:366)
	at org.testng.SuiteRunner.runSequentially(SuiteRunner.java:361)
	at org.testng.SuiteRunner.privateRun(SuiteRunner.java:319)
	at org.testng.SuiteRunner.run(SuiteRunner.java:268)
	at org.testng.SuiteRunnerWorker.runSuite(SuiteRunnerWorker.java:52)
	at org.testng.SuiteRunnerWorker.run(SuiteRunnerWorker.java:86)
	at org.testng.TestNG.runSuitesSequentially(TestNG.java:1244)
	at org.testng.TestNG.runSuitesLocally(TestNG.java:1169)
	at org.testng.TestNG.run(TestNG.java:1064)
	at org.apache.maven.surefire.testng.TestNGExecutor.run(TestNGExecutor.java:281)
	at org.apache.maven.surefire.testng.TestNGXmlTestSuite.execute(TestNGXmlTestSuite.java:75)
	at org.apache.maven.surefire.testng.TestNGProvider.invoke(TestNGProvider.java:121)
	at org.apache.maven.surefire.booter.ForkedBooter.invokeProviderInSameClassLoader(ForkedBooter.java:290)
	at org.apache.maven.surefire.booter.ForkedBooter.runSuitesInProcess(ForkedBooter.java:242)
	at org.apache.maven.surefire.booter.ForkedBooter.main(ForkedBooter.java:121)
Caused by: java.lang.reflect.InvocationTargetException
	at sun.reflect.NativeConstructorAccessorImpl.newInstance0(Native Method)
	at sun.reflect.NativeConstructorAccessorImpl.newInstance(NativeConstructorAccessorImpl.java:62)
	at sun.reflect.DelegatingConstructorAccessorImpl.newInstance(DelegatingConstructorAccessorImpl.java:45)
	at java.lang.reflect.Constructor.newInstance(Constructor.java:423)
	at cucumber.runtime.java.DefaultJavaObjectFactory.cacheNewInstance(DefaultJavaObjectFactory.java:41)
	... 37 more
Caused by: java.lang.RuntimeException: Configuration.properties not found at configs//Configuration.properties
	at com.cucumberFramework.Resources.ReadPropertyFile.&lt;init&gt;(ReadPropertyFile.java:28)
	at com.cucumberFramework.pageObjects.LoginLogoutPage.&lt;init&gt;(LoginLogoutPage.java:29)
	at com.cucumberFramework.stepdefinitions.loginLogoutPageStepDefinitions.&lt;init&gt;(loginLogoutPageStepDefinitions.java:25)
	... 42 more
</stack-trace>
            </failure>
            <steps>
                <step start="1590063650200" stop="1590063655662" status="broken">
                    <name>Given user is on Login page URL "redbusURL"</name>
                    <title>Given user is on Login page URL "redbusURL"</title>
                </step>
                <step start="1590063655761" stop="1590063655763" status="canceled">
                    <name>When user enter from destination as "fromDestination"</name>
                    <title>When user enter from destination as "fromDestination"</title>
                </step>
                <step start="1590063655763" stop="1590063655764" status="canceled">
                    <name>And enter to destination as "toDestination"</name>
                    <title>And enter to destination as "toDestination"</title>
                </step>
                <step start="1590063655764" stop="1590063655764" status="canceled">
                    <name>And enter "onward" travel Month as "Jun 2020" and date as "18"</name>
                    <title>And enter "onward" travel Month as "Jun 2020" and date as "18"</title>
                </step>
                <step start="1590063655765" stop="1590063655765" status="canceled">
                    <name>And enter "Return" travel Month for return as "July 2020" and date as "28"</name>
                    <title>And enter "Return" travel Month for return as "July 2020" and date as "28"</title>
                </step>
                <step start="1590063655765" stop="1590063655766" status="canceled">
                    <name>Then click on Search Buses button</name>
                    <title>Then click on Search Buses button</title>
                </step>
            </steps>
            <attachments>
                <attachment title="attachment0" source="a1d92945-d827-46e5-bab4-3d3f027a330e-attachment.png" type="image/png"/>
            </attachments>
            <labels>
                <label name="story" value="Login into the application and search for buses"/>
                <label name="feature" value="As a Amazon user I should be able to login and logout with valid credentials"/>
                <label name="host" value="KarishmaJ-MSL1"/>
                <label name="thread" value="27052@KarishmaJ-MSL1.main(1)"/>
                <label name="framework" value="CucumberJVM"/>
            </labels>
        </test-case>
    </test-cases>
    <labels>
        <label name="feature" value="As a Amazon user I should be able to login and logout with valid credentials"/>
        <label name="language" value="JAVA"/>
    </labels>
</ns2:test-suite>
